<?xml version="1.0" encoding="UTF-8"?>
<!-- Generated by org.testng.reporters.JUnitXMLReporter -->
<testsuite ignored="0" hostname="DESKTOP-3V906C2" failures="0" tests="1" name="Add_product_to_cart_on_personal_product_page" time="2.919" errors="0" timestamp="03 апр. 2023 08:47:14 GMT">
  <testcase classname="tests.swag_labs_functional.Add_product_to_cart_on_personal_product_page" name="add_product_to_cart_on_personal_product_page" time="2.323"/>
</testsuite> <!-- Add_product_to_cart_on_personal_product_page -->
