<?xml version="1.0" encoding="UTF-8"?>
<!-- Generated by org.testng.reporters.JUnitXMLReporter -->
<testsuite ignored="0" hostname="DESKTOP-3V906C2" failures="1" tests="1" name="Correct_image_on_product_page_problem_user" time="3.594" errors="0" timestamp="03 апр. 2023 08:47:35 GMT">
  <testcase classname="tests.problem_user_swaglabs.Correct_image_on_product_page_problem_user" name="correct_image_on_product_page_problem_user" time="2.984">
    <failure type="java.lang.AssertionError" message="Некорректное изображение">
      <![CDATA[java.lang.AssertionError: Некорректное изображение
at tests.problem_user_swaglabs.Correct_image_on_product_page_problem_user.correct_image_on_product_page_problem_user(Correct_image_on_product_page_problem_user.java:69)
... Removed 28 stack frames]]>
    </failure>
  </testcase> <!-- correct_image_on_product_page_problem_user -->
</testsuite> <!-- Correct_image_on_product_page_problem_user -->
