<?xml version="1.0" encoding="UTF-8"?>
<testsuite xmlns:xsi="http://www.w3.org/2001/XMLSchema-instance" xsi:noNamespaceSchemaLocation="https://maven.apache.org/surefire/maven-surefire-plugin/xsd/surefire-test-report.xsd" name="TestSuite" time="93.424" tests="12" errors="0" skipped="0" failures="1">
  <properties>
[...]
</properties>
  <testcase name="smokeTest" classname="tests.swag_labs_smoke.Smoke_test" time="4.381"/>
  <testcase name="sort_A_to_Z_test" classname="tests.swag_labs_regress.Sort_A_to_Z" time="2.704"/>
  <testcase name="sort_Z_to_A_test" classname="tests.swag_labs_regress.Sort_Z_to_A" time="2.899"/>
  <testcase name="sort_low_to_high_price" classname="tests.swag_labs_regress.Sort_price_low_to_high" time="2.434"/>
  <testcase name="sort_high_to_low_price" classname="tests.swag_labs_regress.Sort_price_high_to_low" time="2.41"/>
  <testcase name="add_product_to_cart_on_personal_product_page" classname="tests.swag_labs_functional.Add_product_to_cart_on_personal_product_page" time="2.322"/>
  <testcase name="add_product_to_cart_on_product_page" classname="tests.swag_labs_functional.Add_product_to_cart_on_product_page" time="1.921"/>
  <testcase name="correct_image_on_product_page" classname="tests.swag_labs_functional.Correct_image_on_product_page" time="2.072"/>
  <testcase name="del_product_from_cart_on_cart_page" classname="tests.swag_labs_functional.Del_product_from_cart_on_cart_page" time="3.082"/>
  <testcase name="del_product_from_cart_on_personal_product_page" classname="tests.swag_labs_functional.Del_product_from_cart_on_personal_product_page" time="3.148"/>
  <testcase name="del_product_from_cart_on_product_page" classname="tests.swag_labs_functional.Del_product_from_cart_on_product_page" time="3.341"/>
  <testcase name="correct_image_on_product_page_problem_user" classname="tests.problem_user_swaglabs.Correct_image_on_product_page_problem_user" time="2.995">
    <failure message="Некорректное изображение" type="java.lang.AssertionError">java.lang.AssertionError: Некорректное изображение
	at tests.problem_user_swaglabs.Correct_image_on_product_page_problem_user.correct_image_on_product_page_problem_user(Correct_image_on_product_page_problem_user.java:69)
</failure>
  </testcase>
</testsuite>